#
# There is insufficient memory for the Java Runtime Environment to continue.
# Native memory allocation (malloc) failed to allocate 44784 bytes for Chunk::new
# Possible reasons:
#   The system is out of physical RAM or swap space
#   In 32 bit mode, the process size limit was hit
# Possible solutions:
#   Reduce memory load on the system
#   Increase physical memory or swap space
#   Check if swap backing store is full
#   Use 64 bit Java on a 64 bit OS
#   Decrease Java heap size (-Xmx/-Xms)
#   Decrease number of Java threads
#   Decrease Java thread stack sizes (-Xss)
#   Set larger code cache with -XX:ReservedCodeCacheSize=
# This output file may be truncated or incomplete.
#
#  Out of Memory Error (allocation.cpp:390), pid=55452, tid=0x000000000000a350
#
# JRE version: Java(TM) SE Runtime Environment (8.0_171-b11) (build 1.8.0_171-b11)
# Java VM: Java HotSpot(TM) 64-Bit Server VM (25.171-b11 mixed mode windows-amd64 compressed oops)
# Failed to write core dump. Minidumps are not enabled by default on client versions of Windows
#

---------------  T H R E A D  ---------------

Current thread (0x00000000180b1800):  JavaThread "C2 CompilerThread1" daemon [_thread_in_native, id=41808, stack(0x0000000019af0000,0x0000000019bf0000)]

Stack: [0x0000000019af0000,0x0000000019bf0000]
[error occurred during error reporting (printing stack bounds), id 0xc0000005]

Native frames: (J=compiled Java code, j=interpreted, Vv=VM code, C=native code)


Current CompileTask:
C2:  17631 1676 % !   4       com.etl.executor.ReadHadoopData::readHadoopData @ 163 (425 bytes)


---------------  P R O C E S S  ---------------

Java Threads: ( => current thread )
  0x0000000019489800 JavaThread "Service Thread" daemon [_thread_blocked, id=70232, stack(0x0000000019cf0000,0x0000000019df0000)]
  0x00000000180c6000 JavaThread "C1 CompilerThread2" daemon [_thread_blocked, id=69812, stack(0x0000000019bf0000,0x0000000019cf0000)]
=>0x00000000180b1800 JavaThread "C2 CompilerThread1" daemon [_thread_in_native, id=41808, stack(0x0000000019af0000,0x0000000019bf0000)]
  0x0000000018098800 JavaThread "C2 CompilerThread0" daemon [_thread_in_native, id=62468, stack(0x00000000199f0000,0x0000000019af0000)]
  0x0000000018096800 JavaThread "Attach Listener" daemon [_thread_blocked, id=68604, stack(0x00000000198f0000,0x00000000199f0000)]
  0x0000000019433800 JavaThread "Signal Dispatcher" daemon [_thread_blocked, id=70540, stack(0x00000000197f0000,0x00000000198f0000)]
  0x0000000018070000 JavaThread "Finalizer" daemon [_thread_blocked, id=64444, stack(0x00000000192f0000,0x00000000193f0000)]
  0x0000000018049000 JavaThread "Reference Handler" daemon [_thread_blocked, id=12056, stack(0x00000000191f0000,0x00000000192f0000)]
  0x000000000346b000 JavaThread "main" [_thread_in_native, id=13576, stack(0x00000000032a0000,0x00000000033a0000)]

Other Threads:
  0x0000000018047800 VMThread [stack: 0x00000000190f0000,0x00000000191f0000] [id=47396]
  0x00000000194b6000 WatcherThread [stack: 0x0000000019df0000,0x0000000019ef0000] [id=69832]

VM state:not at safepoint (normal execution)

VM Mutex/Monitor currently owned by a thread: None

Heap:
 PSYoungGen      total 540160K, used 316630K [0x00000000d5f80000, 0x00000000fd700000, 0x0000000100000000)
  eden space 502272K, 55% used [0x00000000d5f80000,0x00000000e7021010,0x00000000f4a00000)
  from space 37888K, 98% used [0x00000000fb200000,0x00000000fd694a40,0x00000000fd700000)
  to   space 55808K, 0% used [0x00000000f6a00000,0x00000000f6a00000,0x00000000fa080000)
 ParOldGen       total 266240K, used 182547K [0x0000000081e00000, 0x0000000092200000, 0x00000000d5f80000)
  object space 266240K, 68% used [0x0000000081e00000,0x000000008d044e60,0x0000000092200000)
 Metaspace       used 15927K, capacity 16232K, committed 16384K, reserved 1062912K
  class space    used 1825K, capacity 1928K, committed 2048K, reserved 1048576K

Card table byte_map: [0x0000000012920000,0x0000000012d20000] byte_map_base: 0x0000000012511000

Marking Bits: (ParMarkBitMap*) 0x0000000051ed08c0
 Begin Bits: [0x00000000133d0000, 0x0000000015358000)
 End Bits:   [0x0000000015358000, 0x00000000172e0000)

Polling page: 0x0000000001010000

CodeCache: size=245760Kb used=6104Kb max_used=6116Kb free=239655Kb
 bounds [0x0000000003560000, 0x0000000003b70000, 0x0000000012560000]
 total_blobs=2063 nmethods=1676 adapters=300
 compilation: enabled

Compilation events (10 events):
Event: 17.385 Thread 0x00000000180b1800 nmethod 1673 0x0000000003b41750 code [0x0000000003b418a0, 0x0000000003b419b8]
Event: 17.418 Thread 0x0000000018098800 nmethod 1674 0x0000000003b5cad0 code [0x0000000003b5cca0, 0x0000000003b5e048]
Event: 17.432 Thread 0x00000000180c6000 1675       3       java.util.BitSet::recalculateWordsInUse (39 bytes)
Event: 17.432 Thread 0x00000000180c6000 nmethod 1675 0x0000000003b40f10 code [0x0000000003b41080, 0x0000000003b412f0]
Event: 17.573 Thread 0x00000000180b1800 1676 % !   4       com.etl.executor.ReadHadoopData::readHadoopData @ 163 (425 bytes)
Event: 17.575 Thread 0x00000000180c6000 1677       3       java.io.BufferedInputStream::fill (233 bytes)
Event: 17.576 Thread 0x00000000180c6000 nmethod 1677 0x0000000003b4a9d0 code [0x0000000003b4ac40, 0x0000000003b4bb38]
Event: 17.612 Thread 0x0000000018098800 1678   !   4       org.apache.hive.jdbc.HiveStatement::waitForOperationToComplete (229 bytes)
Event: 17.616 Thread 0x0000000018098800 nmethod 1678 0x0000000003b30b10 code [0x0000000003b30ca0, 0x0000000003b31008]
Event: 17.616 Thread 0x0000000018098800 1679   !   4       org.apache.hive.jdbc.HiveQueryResultSet::next (296 bytes)

GC Heap History (10 events):
Event: 8.924 GC heap before
{Heap before GC invocations=14 (full 1):
 PSYoungGen      total 352768K, used 325632K [0x00000000d5f80000, 0x00000000ed400000, 0x0000000100000000)
  eden space 325632K, 100% used [0x00000000d5f80000,0x00000000e9d80000,0x00000000e9d80000)
  from space 27136K, 0% used [0x00000000eb880000,0x00000000eb880000,0x00000000ed300000)
  to   space 27648K, 0% used [0x00000000e9d80000,0x00000000e9d80000,0x00000000eb880000)
 ParOldGen       total 153600K, used 86224K [0x0000000081e00000, 0x000000008b400000, 0x00000000d5f80000)
  object space 153600K, 56% used [0x0000000081e00000,0x0000000087234028,0x000000008b400000)
 Metaspace       used 15665K, capacity 15848K, committed 16000K, reserved 1062912K
  class space    used 1781K, capacity 1864K, committed 1920K, reserved 1048576K
Event: 8.967 GC heap after
Heap after GC invocations=14 (full 1):
 PSYoungGen      total 353280K, used 27618K [0x00000000d5f80000, 0x00000000f3d00000, 0x0000000100000000)
  eden space 325632K, 0% used [0x00000000d5f80000,0x00000000d5f80000,0x00000000e9d80000)
  from space 27648K, 99% used [0x00000000e9d80000,0x00000000eb878900,0x00000000eb880000)
  to   space 32256K, 0% used [0x00000000f1d80000,0x00000000f1d80000,0x00000000f3d00000)
 ParOldGen       total 153600K, used 88464K [0x0000000081e00000, 0x000000008b400000, 0x00000000d5f80000)
  object space 153600K, 57% used [0x0000000081e00000,0x0000000087464028,0x000000008b400000)
 Metaspace       used 15665K, capacity 15848K, committed 16000K, reserved 1062912K
  class space    used 1781K, capacity 1864K, committed 1920K, reserved 1048576K
}
Event: 9.858 GC heap before
{Heap before GC invocations=15 (full 1):
 PSYoungGen      total 353280K, used 353250K [0x00000000d5f80000, 0x00000000f3d00000, 0x0000000100000000)
  eden space 325632K, 100% used [0x00000000d5f80000,0x00000000e9d80000,0x00000000e9d80000)
  from space 27648K, 99% used [0x00000000e9d80000,0x00000000eb878900,0x00000000eb880000)
  to   space 32256K, 0% used [0x00000000f1d80000,0x00000000f1d80000,0x00000000f3d00000)
 ParOldGen       total 153600K, used 88464K [0x0000000081e00000, 0x000000008b400000, 0x00000000d5f80000)
  object space 153600K, 57% used [0x0000000081e00000,0x0000000087464028,0x000000008b400000)
 Metaspace       used 15665K, capacity 15848K, committed 16000K, reserved 1062912K
  class space    used 1781K, capacity 1864K, committed 1920K, reserved 1048576K
Event: 9.948 GC heap after
Heap after GC invocations=15 (full 1):
 PSYoungGen      total 453120K, used 29369K [0x00000000d5f80000, 0x00000000f4b80000, 0x0000000100000000)
  eden space 420864K, 0% used [0x00000000d5f80000,0x00000000d5f80000,0x00000000efa80000)
  from space 32256K, 91% used [0x00000000f1d80000,0x00000000f3a2e400,0x00000000f3d00000)
  to   space 35840K, 0% used [0x00000000efa80000,0x00000000efa80000,0x00000000f1d80000)
 ParOldGen       total 153600K, used 115953K [0x0000000081e00000, 0x000000008b400000, 0x00000000d5f80000)
  object space 153600K, 75% used [0x0000000081e00000,0x0000000088f3c540,0x000000008b400000)
 Metaspace       used 15665K, capacity 15848K, committed 16000K, reserved 1062912K
  class space    used 1781K, capacity 1864K, committed 1920K, reserved 1048576K
}
Event: 11.080 GC heap before
{Heap before GC invocations=16 (full 1):
 PSYoungGen      total 453120K, used 450233K [0x00000000d5f80000, 0x00000000f4b80000, 0x0000000100000000)
  eden space 420864K, 100% used [0x00000000d5f80000,0x00000000efa80000,0x00000000efa80000)
  from space 32256K, 91% used [0x00000000f1d80000,0x00000000f3a2e400,0x00000000f3d00000)
  to   space 35840K, 0% used [0x00000000efa80000,0x00000000efa80000,0x00000000f1d80000)
 ParOldGen       total 153600K, used 115953K [0x0000000081e00000, 0x000000008b400000, 0x00000000d5f80000)
  object space 153600K, 75% used [0x0000000081e00000,0x0000000088f3c540,0x000000008b400000)
 Metaspace       used 15665K, capacity 15848K, committed 16000K, reserved 1062912K
  class space    used 1781K, capacity 1864K, committed 1920K, reserved 1048576K
Event: 11.146 GC heap after
Heap after GC invocations=16 (full 1):
 PSYoungGen      total 456704K, used 35829K [0x00000000d5f80000, 0x00000000fe580000, 0x0000000100000000)
  eden space 420864K, 0% used [0x00000000d5f80000,0x00000000d5f80000,0x00000000efa80000)
  from space 35840K, 99% used [0x00000000efa80000,0x00000000f1d7d7c8,0x00000000f1d80000)
  to   space 52736K, 0% used [0x00000000fb200000,0x00000000fb200000,0x00000000fe580000)
 ParOldGen       total 153600K, used 148185K [0x0000000081e00000, 0x000000008b400000, 0x00000000d5f80000)
  object space 153600K, 96% used [0x0000000081e00000,0x000000008aeb6540,0x000000008b400000)
 Metaspace       used 15665K, capacity 15848K, committed 16000K, reserved 1062912K
  class space    used 1781K, capacity 1864K, committed 1920K, reserved 1048576K
}
Event: 11.146 GC heap before
{Heap before GC invocations=17 (full 2):
 PSYoungGen      total 456704K, used 35829K [0x00000000d5f80000, 0x00000000fe580000, 0x0000000100000000)
  eden space 420864K, 0% used [0x00000000d5f80000,0x00000000d5f80000,0x00000000efa80000)
  from space 35840K, 99% used [0x00000000efa80000,0x00000000f1d7d7c8,0x00000000f1d80000)
  to   space 52736K, 0% used [0x00000000fb200000,0x00000000fb200000,0x00000000fe580000)
 ParOldGen       total 153600K, used 148185K [0x0000000081e00000, 0x000000008b400000, 0x00000000d5f80000)
  object space 153600K, 96% used [0x0000000081e00000,0x000000008aeb6540,0x000000008b400000)
 Metaspace       used 15665K, capacity 15848K, committed 16000K, reserved 1062912K
  class space    used 1781K, capacity 1864K, committed 1920K, reserved 1048576K
Event: 11.779 GC heap after
Heap after GC invocations=17 (full 2):
 PSYoungGen      total 456704K, used 29142K [0x00000000d5f80000, 0x00000000fe580000, 0x0000000100000000)
  eden space 420864K, 0% used [0x00000000d5f80000,0x00000000d5f80000,0x00000000efa80000)
  from space 35840K, 81% used [0x00000000efa80000,0x00000000f16f5b28,0x00000000f1d80000)
  to   space 52736K, 0% used [0x00000000fb200000,0x00000000fb200000,0x00000000fe580000)
 ParOldGen       total 266240K, used 153267K [0x0000000081e00000, 0x0000000092200000, 0x00000000d5f80000)
  object space 266240K, 57% used [0x0000000081e00000,0x000000008b3ace60,0x0000000092200000)
 Metaspace       used 15665K, capacity 15848K, committed 16000K, reserved 1062912K
  class space    used 1781K, capacity 1864K, committed 1920K, reserved 1048576K
}
Event: 15.722 GC heap before
{Heap before GC invocations=18 (full 2):
 PSYoungGen      total 456704K, used 450006K [0x00000000d5f80000, 0x00000000fe580000, 0x0000000100000000)
  eden space 420864K, 100% used [0x00000000d5f80000,0x00000000efa80000,0x00000000efa80000)
  from space 35840K, 81% used [0x00000000efa80000,0x00000000f16f5b28,0x00000000f1d80000)
  to   space 52736K, 0% used [0x00000000fb200000,0x00000000fb200000,0x00000000fe580000)
 ParOldGen       total 266240K, used 153267K [0x0000000081e00000, 0x0000000092200000, 0x00000000d5f80000)
  object space 266240K, 57% used [0x0000000081e00000,0x000000008b3ace60,0x0000000092200000)
 Metaspace       used 15849K, capacity 16168K, committed 16384K, reserved 1062912K
  class space    used 1815K, capacity 1928K, committed 2048K, reserved 1048576K
Event: 15.846 GC heap after
Heap after GC invocations=18 (full 2):
 PSYoungGen      total 540160K, used 37458K [0x00000000d5f80000, 0x00000000fd700000, 0x0000000100000000)
  eden space 502272K, 0% used [0x00000000d5f80000,0x00000000d5f80000,0x00000000f4a00000)
  from space 37888K, 98% used [0x00000000fb200000,0x00000000fd694a40,0x00000000fd700000)
  to   space 55808K, 0% used [0x00000000f6a00000,0x00000000f6a00000,0x00000000fa080000)
 ParOldGen       total 266240K, used 182547K [0x0000000081e00000, 0x0000000092200000, 0x00000000d5f80000)
  object space 266240K, 68% used [0x0000000081e00000,0x000000008d044e60,0x0000000092200000)
 Metaspace       used 15849K, capacity 16168K, committed 16384K, reserved 1062912K
  class space    used 1815K, capacity 1928K, committed 2048K, reserved 1048576K
}

Deoptimization events (10 events):
Event: 13.515 Thread 0x000000000346b000 Uncommon trap: reason=class_check action=maybe_recompile pc=0x0000000003b0f0ac method=com.tmax.tibero.jdbc.comm.TbCommType4.batchUpdate(Lcom/tmax/tibero/jdbc/driver/TbPreparedStatementImpl;Lcom/tmax/tibero/jdbc/data/BatchUpdateInfo;III)[I @ 217
Event: 13.632 Thread 0x000000000346b000 Uncommon trap: reason=class_check action=maybe_recompile pc=0x0000000003b12c24 method=com.tmax.tibero.jdbc.comm.TbCommType4.batchUpdate(Lcom/tmax/tibero/jdbc/driver/TbPreparedStatementImpl;Lcom/tmax/tibero/jdbc/data/BatchUpdateInfo;III)[I @ 217
Event: 16.290 Thread 0x000000000346b000 Uncommon trap: reason=unstable_if action=reinterpret pc=0x0000000003b1c690 method=com.etl.executor.InsertTiberoData.insertTiberoData(Ljava/util/List;Ljava/lang/String;Ljava/sql/Connection;)I @ 342
Event: 16.746 Thread 0x000000000346b000 Uncommon trap: reason=unstable_if action=reinterpret pc=0x0000000003a20940 method=org.apache.hive.jdbc.HiveQueryResultSet.next()Z @ 200
Event: 16.746 Thread 0x000000000346b000 Uncommon trap: reason=unstable_if action=reinterpret pc=0x0000000003b37910 method=com.etl.executor.ReadHadoopData.readHadoopData(Ljava/lang/String;Ljava/lang/String;Ljava/sql/Connection;Ljava/sql/Connection;)Ljava/util/List; @ 322
Event: 16.747 Thread 0x000000000346b000 Uncommon trap: reason=unstable_if action=reinterpret pc=0x0000000003abbe24 method=java.util.LinkedHashMap.entrySet()Ljava/util/Set; @ 6
Event: 16.747 Thread 0x000000000346b000 Uncommon trap: reason=unstable_if action=reinterpret pc=0x0000000003aafbd0 method=com.tmax.tibero.jdbc.driver.TbPreparedStatementImpl.setStringInternal(ILjava/lang/String;)V @ 53
Event: 16.747 Thread 0x000000000346b000 Uncommon trap: reason=unstable_if action=reinterpret pc=0x0000000003abf908 method=com.tmax.tibero.jdbc.driver.TbPreparedStatementImpl.addBatch()V @ 103
Event: 17.110 Thread 0x000000000346b000 Uncommon trap: reason=unstable_if action=reinterpret pc=0x0000000003a0717c method=org.apache.hive.jdbc.HiveBaseResultSet.findColumn(Ljava/lang/String;)I @ 65
Event: 17.286 Thread 0x000000000346b000 Uncommon trap: reason=unstable_if action=reinterpret pc=0x0000000003a13e98 method=org.apache.hive.jdbc.HiveStatement.waitForOperationToComplete()V @ 16

Classes redefined (0 events):
No events

Internal exceptions (10 events):
Event: 2.584 Thread 0x000000000346b000 Exception <a 'java/lang/ArrayIndexOutOfBoundsException'> (0x00000000d7756fc0) thrown at [C:\re\workspace\8-2-build-windows-amd64-cygwin\jdk8u171\10807\hotspot\src\share\vm\runtime\sharedRuntime.cpp, line 605]
Event: 3.547 Thread 0x000000000346b000 Exception <a 'java/lang/NoSuchFieldError': method resolution failed> (0x00000000d6938ed0) thrown at [C:\re\workspace\8-2-build-windows-amd64-cygwin\jdk8u171\10807\hotspot\src\share\vm\prims\methodHandles.cpp, line 1167]
Event: 3.550 Thread 0x000000000346b000 Exception <a 'java/lang/NoSuchFieldError': method resolution failed> (0x00000000d6946590) thrown at [C:\re\workspace\8-2-build-windows-amd64-cygwin\jdk8u171\10807\hotspot\src\share\vm\prims\methodHandles.cpp, line 1167]
Event: 5.239 Thread 0x000000000346b000 Implicit null exception at 0x00000000039fbcac to 0x00000000039fc04d
Event: 5.239 Thread 0x000000000346b000 Implicit null exception at 0x0000000003a05e3d to 0x0000000003a061a1
Event: 5.239 Thread 0x000000000346b000 Implicit null exception at 0x00000000039f10fb to 0x00000000039f1419
Event: 5.239 Thread 0x000000000346b000 Implicit null exception at 0x00000000039fb5ec to 0x00000000039fb752
Event: 12.474 Thread 0x000000000346b000 Implicit null exception at 0x0000000003aa2a81 to 0x0000000003aa2e3d
Event: 12.983 Thread 0x000000000346b000 Implicit null exception at 0x0000000003ae8f30 to 0x0000000003ae9add
Event: 16.747 Thread 0x000000000346b000 Implicit null exception at 0x0000000003aaf80e to 0x0000000003aafbb5

Events (10 events):
Event: 17.108 loading class org/apache/hive/service/rpc/thrift/TCloseOperationResp$_Fields
Event: 17.108 loading class org/apache/hive/service/rpc/thrift/TCloseOperationResp$_Fields done
Event: 17.109 loading class org/apache/hive/service/rpc/thrift/TCloseOperationResp$TCloseOperationRespStandardScheme
Event: 17.109 loading class org/apache/hive/service/rpc/thrift/TCloseOperationResp$TCloseOperationRespStandardScheme done
Event: 17.110 Thread 0x000000000346b000 Uncommon trap: trap_request=0xffffff65 fr.pc=0x0000000003a0717c
Event: 17.110 Thread 0x000000000346b000 DEOPT PACKING pc=0x0000000003a0717c sp=0x000000000339f640
Event: 17.110 Thread 0x000000000346b000 DEOPT UNPACKING pc=0x00000000035a583b sp=0x000000000339f5f8 mode 2
Event: 17.286 Thread 0x000000000346b000 Uncommon trap: trap_request=0xffffff65 fr.pc=0x0000000003a13e98
Event: 17.286 Thread 0x000000000346b000 DEOPT PACKING pc=0x0000000003a13e98 sp=0x000000000339f450
Event: 17.286 Thread 0x000000000346b000 DEOPT UNPACKING pc=0x00000000035a583b sp=0x000000000339f3e0 mode 2


Dynamic libraries:
0x00007ff7aa320000 - 0x00007ff7aa357000 	C:\Program Files\Java\jdk1.8.0_171\bin\javaw.exe
0x00007ff9c6ba0000 - 0x00007ff9c6d81000 	C:\WINDOWS\SYSTEM32\ntdll.dll
0x00007ff9c6740000 - 0x00007ff9c67f1000 	C:\WINDOWS\System32\KERNEL32.DLL
0x00007ff9c32e0000 - 0x00007ff9c3553000 	C:\WINDOWS\System32\KERNELBASE.dll
0x00007ff9c4570000 - 0x00007ff9c4611000 	C:\WINDOWS\System32\ADVAPI32.dll
0x00007ff9c69f0000 - 0x00007ff9c6a8e000 	C:\WINDOWS\System32\msvcrt.dll
0x00007ff9c4620000 - 0x00007ff9c467b000 	C:\WINDOWS\System32\sechost.dll
0x00007ff9c6820000 - 0x00007ff9c6944000 	C:\WINDOWS\System32\RPCRT4.dll
0x00007ff9c64e0000 - 0x00007ff9c6670000 	C:\WINDOWS\System32\USER32.dll
0x00007ff9c3900000 - 0x00007ff9c3920000 	C:\WINDOWS\System32\win32u.dll
0x00007ff9c64b0000 - 0x00007ff9c64d8000 	C:\WINDOWS\System32\GDI32.dll
0x00007ff9c3140000 - 0x00007ff9c32d2000 	C:\WINDOWS\System32\gdi32full.dll
0x00007ff9c30a0000 - 0x00007ff9c313f000 	C:\WINDOWS\System32\msvcp_win.dll
0x00007ff9c37b0000 - 0x00007ff9c38a8000 	C:\WINDOWS\System32\ucrtbase.dll
0x00007ff9af2d0000 - 0x00007ff9af539000 	C:\WINDOWS\WinSxS\amd64_microsoft.windows.common-controls_6595b64144ccf1df_6.0.17134.765_none_fb42a1a930655896\COMCTL32.dll
0x00007ff9c47e0000 - 0x00007ff9c4b02000 	C:\WINDOWS\System32\combase.dll
0x00007ff9c3020000 - 0x00007ff9c309a000 	C:\WINDOWS\System32\bcryptPrimitives.dll
0x00007ff9c6b40000 - 0x00007ff9c6b6d000 	C:\WINDOWS\System32\IMM32.DLL
0x0000000051f50000 - 0x0000000052022000 	C:\Program Files\Java\jdk1.8.0_171\jre\bin\msvcr100.dll
0x00000000516b0000 - 0x0000000051f50000 	C:\Program Files\Java\jdk1.8.0_171\jre\bin\server\jvm.dll
0x00007ff9c4d70000 - 0x00007ff9c4d78000 	C:\WINDOWS\System32\PSAPI.DLL
0x00007ff9b9840000 - 0x00007ff9b984a000 	C:\WINDOWS\SYSTEM32\VERSION.dll
0x00007ff9afa10000 - 0x00007ff9afa19000 	C:\WINDOWS\SYSTEM32\WSOCK32.dll
0x00007ff9c66d0000 - 0x00007ff9c673c000 	C:\WINDOWS\System32\WS2_32.dll
0x00007ff9c0d30000 - 0x00007ff9c0d53000 	C:\WINDOWS\SYSTEM32\WINMM.dll
0x00007ff9c08e0000 - 0x00007ff9c090a000 	C:\WINDOWS\SYSTEM32\winmmbase.dll
0x00007ff9c38b0000 - 0x00007ff9c38f9000 	C:\WINDOWS\System32\cfgmgr32.dll
0x0000000053420000 - 0x000000005342f000 	C:\Program Files\Java\jdk1.8.0_171\jre\bin\verify.dll
0x0000000051680000 - 0x00000000516a9000 	C:\Program Files\Java\jdk1.8.0_171\jre\bin\java.dll
0x0000000052f10000 - 0x0000000052f26000 	C:\Program Files\Java\jdk1.8.0_171\jre\bin\zip.dll
0x00007ff9c4de0000 - 0x00007ff9c6220000 	C:\WINDOWS\System32\SHELL32.dll
0x00007ff9c6a90000 - 0x00007ff9c6b39000 	C:\WINDOWS\System32\shcore.dll
0x00007ff9c3920000 - 0x00007ff9c402d000 	C:\WINDOWS\System32\windows.storage.dll
0x00007ff9c4030000 - 0x00007ff9c4081000 	C:\WINDOWS\System32\shlwapi.dll
0x00007ff9c2ee0000 - 0x00007ff9c2ef1000 	C:\WINDOWS\System32\kernel.appcore.dll
0x00007ff9c2f50000 - 0x00007ff9c2f6f000 	C:\WINDOWS\System32\profapi.dll
0x00007ff9c2f00000 - 0x00007ff9c2f4c000 	C:\WINDOWS\System32\powrprof.dll
0x00007ff9c2eb0000 - 0x00007ff9c2eba000 	C:\WINDOWS\System32\FLTLIB.DLL
0x0000000051660000 - 0x000000005167a000 	C:\Program Files\Java\jdk1.8.0_171\jre\bin\net.dll
0x00007ff9c2730000 - 0x00007ff9c2796000 	C:\WINDOWS\system32\mswsock.dll
0x0000000051630000 - 0x0000000051654000 	C:\Program Files\Java\jdk1.8.0_171\jre\bin\sunec.dll
0x00007ff9c24b0000 - 0x00007ff9c24e8000 	C:\WINDOWS\SYSTEM32\IPHLPAPI.DLL
0x00007ff9c4be0000 - 0x00007ff9c4be8000 	C:\WINDOWS\System32\NSI.dll
0x00007ff9b9590000 - 0x00007ff9b95a6000 	C:\WINDOWS\SYSTEM32\dhcpcsvc6.DLL
0x00007ff9b9470000 - 0x00007ff9b948a000 	C:\WINDOWS\SYSTEM32\dhcpcsvc.DLL
0x0000000051610000 - 0x0000000051621000 	C:\Program Files\Java\jdk1.8.0_171\jre\bin\nio.dll
0x00007ff9aed10000 - 0x00007ff9aed26000 	C:\WINDOWS\system32\napinsp.dll
0x00007ff9aecf0000 - 0x00007ff9aed0a000 	C:\WINDOWS\system32\pnrpnsp.dll
0x00007ff9bf4f0000 - 0x00007ff9bf509000 	C:\WINDOWS\system32\NLAapi.dll
0x00007ff9c24f0000 - 0x00007ff9c25ae000 	C:\WINDOWS\SYSTEM32\DNSAPI.dll
0x00007ff9aece0000 - 0x00007ff9aecee000 	C:\WINDOWS\System32\winrnr.dll
0x00007ff9aecc0000 - 0x00007ff9aecd5000 	C:\WINDOWS\System32\wshbth.dll
0x00007ff9b6030000 - 0x00007ff9b603a000 	C:\Windows\System32\rasadhlp.dll
0x00007ff9b7ec0000 - 0x00007ff9b7f32000 	C:\WINDOWS\System32\fwpuclnt.dll
0x00007ff9c2a10000 - 0x00007ff9c2a35000 	C:\WINDOWS\SYSTEM32\bcrypt.dll
0x00007ff9c28e0000 - 0x00007ff9c28f7000 	C:\WINDOWS\SYSTEM32\CRYPTSP.dll
0x00007ff9c22b0000 - 0x00007ff9c22e3000 	C:\WINDOWS\system32\rsaenh.dll
0x00007ff9c2de0000 - 0x00007ff9c2e08000 	C:\WINDOWS\SYSTEM32\USERENV.dll
0x00007ff9c2900000 - 0x00007ff9c290b000 	C:\WINDOWS\SYSTEM32\CRYPTBASE.dll
0x0000000051600000 - 0x000000005160b000 	C:\Program Files\Java\jdk1.8.0_171\jre\bin\sunmscapi.dll
0x00007ff9c35c0000 - 0x00007ff9c37a2000 	C:\WINDOWS\System32\CRYPT32.dll
0x00007ff9c2ec0000 - 0x00007ff9c2ed2000 	C:\WINDOWS\System32\MSASN1.dll

VM Arguments:
jvm_args: -Dfile.encoding=UTF-8 
java_command: com.etl.executor.Executor
java_class_path (initial): C:\Program Files\Java\jdk1.8.0_171\jre\lib\resources.jar;C:\Program Files\Java\jdk1.8.0_171\jre\lib\rt.jar;C:\Program Files\Java\jdk1.8.0_171\jre\lib\jsse.jar;C:\Program Files\Java\jdk1.8.0_171\jre\lib\jce.jar;C:\Program Files\Java\jdk1.8.0_171\jre\lib\charsets.jar;C:\Program Files\Java\jdk1.8.0_171\jre\lib\jfr.jar;C:\Program Files\Java\jdk1.8.0_171\jre\lib\ext\access-bridge-64.jar;C:\Program Files\Java\jdk1.8.0_171\jre\lib\ext\cldrdata.jar;C:\Program Files\Java\jdk1.8.0_171\jre\lib\ext\dnsns.jar;C:\Program Files\Java\jdk1.8.0_171\jre\lib\ext\jaccess.jar;C:\Program Files\Java\jdk1.8.0_171\jre\lib\ext\jfxrt.jar;C:\Program Files\Java\jdk1.8.0_171\jre\lib\ext\localedata.jar;C:\Program Files\Java\jdk1.8.0_171\jre\lib\ext\nashorn.jar;C:\Program Files\Java\jdk1.8.0_171\jre\lib\ext\sunec.jar;C:\Program Files\Java\jdk1.8.0_171\jre\lib\ext\sunjce_provider.jar;C:\Program Files\Java\jdk1.8.0_171\jre\lib\ext\sunmscapi.jar;C:\Program Files\Java\jdk1.8.0_171\jre\lib\ext\sunpkcs11.jar;C:\Program Files\Java\jdk1.8.0_171\jre\lib\ext\zipfs.jar;C:\workspace_oxy\ETLExecutor\target\classes;C:\lib\tibero6-jdbc-14.jar;C:\Java\jdk1.7.0_65\lib\tools.jar;C:\Users\edge9\.m2\repository\org\springframework\spring-context\3.1.1.RELEASE\spring-context-3.1.1.RELEASE.jar;C:\Users\edge9\.m2\repository\org\springframework\spring-aop\3.1.1.RELEASE\spring-aop-3.1.1.RELEASE.jar;C:\Users\edge9\.m2\repository\aopalliance\aopalliance\1.0\aopalliance-1.0.jar;C:\Users\edge9\.m2\repository\org\springframework\spring-beans\3.1.1.RELEASE\spring-beans-3.1.1.RELEASE.jar;C:\Users\edge9\.m2\repository\org\springframework\spring-core\3.1.1.RELEASE\spring-core-3.1.1.RELEASE.jar;C:\Users\edge9\.m2\repository\org\springframework\spring-expression\3.1.1.RELEASE\spring-expression-3.1.1.RELEASE.jar;C:\Users\edge9\.m2\repository\org\springframework\spring-asm\3.1.1.RELEASE\spring-asm-3.1.1.RELEASE.jar;C:\Users\edge9\.m2\repository\org\springframework\spring-webmvc\3.1.1.RELEASE\spring-webmvc-3.
Launcher Type: SUN_STANDARD

Environment Variables:
JAVA_HOME=C:\Java\jdk1.7.0_65
PATH=C:/Program Files/Java/jre1.8.0_171/bin/server;C:/Program Files/Java/jre1.8.0_171/bin;C:/Program Files/Java/jre1.8.0_171/lib/amd64;C:\Program Files (x86)\Common Files\Oracle\Java\javapath;C:\WINDOWS\system32;C:\WINDOWS;C:\WINDOWS\System32\Wbem;C:\WINDOWS\System32\WindowsPowerShell\v1.0\;C:\Program Files\Java\jdk1.8.0_171\bin;C:\apache-maven-3.5.3\bin;C:\Program Files\TortoiseSVN\bin;C:\PostgreSQL\pg95\bin;C:\WINDOWS\System32\OpenSSH\;C:\Program Files\Git\cmd;C:\Program Files\nodejs\;C:\Program Files (x86)\ePapyrus\PapyrusNtas;C:\Program Files (x86)\ePapyrus\PapyrusNtas\Addins;C:\Program Files\PuTTY\;C:\Users\edge9\AppData\Local\Microsoft\WindowsApps;C:\Program Files\Bandizip\;C:\Users\edge9\AppData\Roaming\npm;C:\eclipse_oxy\eclipse;
USERNAME=dsic_song
OS=Windows_NT
PROCESSOR_IDENTIFIER=Intel64 Family 6 Model 142 Stepping 9, GenuineIntel



---------------  S Y S T E M  ---------------

OS: Windows 10.0 , 64 bit Build 17134 (10.0.17134.753)

CPU:total 4 (initial active 4) (2 cores per cpu, 2 threads per core) family 6 model 142 stepping 9, cmov, cx8, fxsr, mmx, sse, sse2, sse3, ssse3, sse4.1, sse4.2, popcnt, avx, avx2, aes, clmul, erms, 3dnowpref, lzcnt, ht, tsc, tscinvbit, bmi1, bmi2, adx

Memory: 4k page, physical 8260324k(953304k free), swap 23726176k(4800k free)

vm_info: Java HotSpot(TM) 64-Bit Server VM (25.171-b11) for windows-amd64 JRE (1.8.0_171-b11), built on Mar 28 2018 16:06:12 by "java_re" with MS VC++ 10.0 (VS2010)

time: Thu May 23 13:06:21 2019
elapsed time: 17 seconds (0d 0h 0m 17s)

