#
# There is insufficient memory for the Java Runtime Environment to continue.
# Native memory allocation (malloc) failed to allocate 266576 bytes for Chunk::new
# Possible reasons:
#   The system is out of physical RAM or swap space
#   In 32 bit mode, the process size limit was hit
# Possible solutions:
#   Reduce memory load on the system
#   Increase physical memory or swap space
#   Check if swap backing store is full
#   Use 64 bit Java on a 64 bit OS
#   Decrease Java heap size (-Xmx/-Xms)
#   Decrease number of Java threads
#   Decrease Java thread stack sizes (-Xss)
#   Set larger code cache with -XX:ReservedCodeCacheSize=
# This output file may be truncated or incomplete.
#
#  Out of Memory Error (allocation.cpp:390), pid=14956, tid=0x0000000000005dd4
#
# JRE version: Java(TM) SE Runtime Environment (8.0_171-b11) (build 1.8.0_171-b11)
# Java VM: Java HotSpot(TM) 64-Bit Server VM (25.171-b11 mixed mode windows-amd64 compressed oops)
# Failed to write core dump. Minidumps are not enabled by default on client versions of Windows
#

---------------  T H R E A D  ---------------

Current thread (0x000000001777d800):  JavaThread "C2 CompilerThread0" daemon [_thread_in_native, id=24020, stack(0x00000000190b0000,0x00000000191b0000)]

Stack: [0x00000000190b0000,0x00000000191b0000]
[error occurred during error reporting (printing stack bounds), id 0xc0000005]

Native frames: (J=compiled Java code, j=interpreted, Vv=VM code, C=native code)


Current CompileTask:
C2:   1609  298  s!   4       sun.misc.URLClassPath::getLoader (243 bytes)


---------------  P R O C E S S  ---------------

Java Threads: ( => current thread )
  0x00000000177ae800 JavaThread "Service Thread" daemon [_thread_blocked, id=65488, stack(0x00000000193b0000,0x00000000194b0000)]
  0x000000001778f000 JavaThread "C1 CompilerThread2" daemon [_thread_blocked, id=50728, stack(0x00000000192b0000,0x00000000193b0000)]
  0x0000000017788800 JavaThread "C2 CompilerThread1" daemon [_thread_in_native, id=23056, stack(0x00000000191b0000,0x00000000192b0000)]
=>0x000000001777d800 JavaThread "C2 CompilerThread0" daemon [_thread_in_native, id=24020, stack(0x00000000190b0000,0x00000000191b0000)]
  0x000000001777c000 JavaThread "Attach Listener" daemon [_thread_blocked, id=49328, stack(0x0000000018fb0000,0x00000000190b0000)]
  0x0000000017769000 JavaThread "Signal Dispatcher" daemon [_thread_blocked, id=41808, stack(0x0000000018eb0000,0x0000000018fb0000)]
  0x0000000017740000 JavaThread "Finalizer" daemon [_thread_blocked, id=50624, stack(0x00000000189b0000,0x0000000018ab0000)]
  0x0000000017719000 JavaThread "Reference Handler" daemon [_thread_blocked, id=11652, stack(0x00000000188b0000,0x00000000189b0000)]
  0x0000000002b3b000 JavaThread "main" [_thread_in_native, id=45276, stack(0x0000000002940000,0x0000000002a40000)]

Other Threads:
  0x0000000017717800 VMThread [stack: 0x00000000187b0000,0x00000000188b0000] [id=66072]
  0x0000000018ba7000 WatcherThread [stack: 0x00000000194b0000,0x00000000195b0000] [id=13460]

VM state:not at safepoint (normal execution)

VM Mutex/Monitor currently owned by a thread: None

Heap:
 PSYoungGen      total 38400K, used 8653K [0x00000000d5f80000, 0x00000000d8a00000, 0x0000000100000000)
  eden space 33280K, 26% used [0x00000000d5f80000,0x00000000d67f3468,0x00000000d8000000)
  from space 5120K, 0% used [0x00000000d8500000,0x00000000d8500000,0x00000000d8a00000)
  to   space 5120K, 0% used [0x00000000d8000000,0x00000000d8000000,0x00000000d8500000)
 ParOldGen       total 87552K, used 0K [0x0000000081e00000, 0x0000000087380000, 0x00000000d5f80000)
  object space 87552K, 0% used [0x0000000081e00000,0x0000000081e00000,0x0000000087380000)
 Metaspace       used 3922K, capacity 5016K, committed 5120K, reserved 1056768K
  class space    used 436K, capacity 456K, committed 512K, reserved 1048576K

Card table byte_map: [0x0000000011ff0000,0x00000000123f0000] byte_map_base: 0x0000000011be1000

Marking Bits: (ParMarkBitMap*) 0x0000000050d508c0
 Begin Bits: [0x0000000012aa0000, 0x0000000014a28000)
 End Bits:   [0x0000000014a28000, 0x00000000169b0000)

Polling page: 0x0000000000db0000

CodeCache: size=245760Kb used=1841Kb max_used=1841Kb free=243918Kb
 bounds [0x0000000002c30000, 0x0000000002ea0000, 0x0000000011c30000]
 total_blobs=544 nmethods=305 adapters=152
 compilation: enabled

Compilation events (10 events):
Event: 1.582 Thread 0x000000001778f000  303       3       java.net.URLStreamHandler::setURL (40 bytes)
Event: 1.582 Thread 0x000000001778f000 nmethod 303 0x0000000002deed50 code [0x0000000002deeee0, 0x0000000002def298]
Event: 1.584 Thread 0x000000001778f000  304       3       java.lang.String::concat (47 bytes)
Event: 1.585 Thread 0x000000001778f000 nmethod 304 0x0000000002dee050 code [0x0000000002dee220, 0x0000000002dee9d8]
Event: 1.587 Thread 0x000000001778f000  305       3       java.net.URL::<init> (8 bytes)
Event: 1.587 Thread 0x000000001778f000 nmethod 305 0x0000000002df7bd0 code [0x0000000002df7d40, 0x0000000002df7ec8]
Event: 1.587 Thread 0x000000001778f000  306   !   3       java.net.URL::<init> (543 bytes)
Event: 1.591 Thread 0x000000001778f000 nmethod 306 0x0000000002df7f50 code [0x0000000002df8420, 0x0000000002dfb5b8]
Event: 1.595 Thread 0x000000001778f000  307       3       java.util.concurrent.ConcurrentHashMap::addCount (292 bytes)
Event: 1.596 Thread 0x000000001778f000 nmethod 307 0x0000000002df6ad0 code [0x0000000002df6ce0, 0x0000000002df77e8]

GC Heap History (0 events):
No events

Deoptimization events (1 events):
Event: 0.798 Thread 0x0000000002b3b000 Uncommon trap: reason=unstable_if action=reinterpret pc=0x0000000002d40d20 method=java.lang.String.hashCode()I @ 14

Classes redefined (0 events):
No events

Internal exceptions (10 events):
Event: 1.204 Thread 0x0000000002b3b000 Exception <a 'java/security/PrivilegedActionException'> (0x00000000d6404728) thrown at [C:\re\workspace\8-2-build-windows-amd64-cygwin\jdk8u171\10807\hotspot\src\share\vm\prims\jvm.cpp, line 1435]
Event: 1.204 Thread 0x0000000002b3b000 Exception <a 'java/security/PrivilegedActionException'> (0x00000000d6404938) thrown at [C:\re\workspace\8-2-build-windows-amd64-cygwin\jdk8u171\10807\hotspot\src\share\vm\prims\jvm.cpp, line 1435]
Event: 1.204 Thread 0x0000000002b3b000 Exception <a 'java/security/PrivilegedActionException'> (0x00000000d6405b30) thrown at [C:\re\workspace\8-2-build-windows-amd64-cygwin\jdk8u171\10807\hotspot\src\share\vm\prims\jvm.cpp, line 1435]
Event: 1.204 Thread 0x0000000002b3b000 Exception <a 'java/security/PrivilegedActionException'> (0x00000000d6405d40) thrown at [C:\re\workspace\8-2-build-windows-amd64-cygwin\jdk8u171\10807\hotspot\src\share\vm\prims\jvm.cpp, line 1435]
Event: 1.204 Thread 0x0000000002b3b000 Exception <a 'java/security/PrivilegedActionException'> (0x00000000d6406ef8) thrown at [C:\re\workspace\8-2-build-windows-amd64-cygwin\jdk8u171\10807\hotspot\src\share\vm\prims\jvm.cpp, line 1435]
Event: 1.204 Thread 0x0000000002b3b000 Exception <a 'java/security/PrivilegedActionException'> (0x00000000d6407108) thrown at [C:\re\workspace\8-2-build-windows-amd64-cygwin\jdk8u171\10807\hotspot\src\share\vm\prims\jvm.cpp, line 1435]
Event: 1.205 Thread 0x0000000002b3b000 Exception <a 'java/security/PrivilegedActionException'> (0x00000000d6408300) thrown at [C:\re\workspace\8-2-build-windows-amd64-cygwin\jdk8u171\10807\hotspot\src\share\vm\prims\jvm.cpp, line 1435]
Event: 1.205 Thread 0x0000000002b3b000 Exception <a 'java/security/PrivilegedActionException'> (0x00000000d6408510) thrown at [C:\re\workspace\8-2-build-windows-amd64-cygwin\jdk8u171\10807\hotspot\src\share\vm\prims\jvm.cpp, line 1435]
Event: 1.205 Thread 0x0000000002b3b000 Exception <a 'java/security/PrivilegedActionException'> (0x00000000d6409708) thrown at [C:\re\workspace\8-2-build-windows-amd64-cygwin\jdk8u171\10807\hotspot\src\share\vm\prims\jvm.cpp, line 1435]
Event: 1.205 Thread 0x0000000002b3b000 Exception <a 'java/security/PrivilegedActionException'> (0x00000000d6409918) thrown at [C:\re\workspace\8-2-build-windows-amd64-cygwin\jdk8u171\10807\hotspot\src\share\vm\prims\jvm.cpp, line 1435]

Events (10 events):
Event: 1.593 loading class org/apache/xerces/parsers/ObjectFactory
Event: 1.593 loading class org/apache/xerces/parsers/ObjectFactory done
Event: 1.594 loading class java/io/UnsupportedEncodingException
Event: 1.594 loading class java/io/UnsupportedEncodingException done
Event: 1.594 loading class java/lang/SecurityException
Event: 1.594 loading class java/lang/SecurityException done
Event: 1.596 loading class org/apache/xerces/parsers/ObjectFactory$ConfigurationError
Event: 1.596 loading class org/apache/xerces/parsers/ObjectFactory$ConfigurationError done
Event: 1.600 loading class org/apache/xerces/parsers/SecuritySupport
Event: 1.600 loading class org/apache/xerces/parsers/SecuritySupport done


Dynamic libraries:
0x00007ff719600000 - 0x00007ff719637000 	C:\Program Files\Java\jdk1.8.0_171\bin\javaw.exe
0x00007ff9c6ba0000 - 0x00007ff9c6d81000 	C:\WINDOWS\SYSTEM32\ntdll.dll
0x00007ff9c6740000 - 0x00007ff9c67f1000 	C:\WINDOWS\System32\KERNEL32.DLL
0x00007ff9c32e0000 - 0x00007ff9c3553000 	C:\WINDOWS\System32\KERNELBASE.dll
0x00007ff9c4570000 - 0x00007ff9c4611000 	C:\WINDOWS\System32\ADVAPI32.dll
0x00007ff9c69f0000 - 0x00007ff9c6a8e000 	C:\WINDOWS\System32\msvcrt.dll
0x00007ff9c4620000 - 0x00007ff9c467b000 	C:\WINDOWS\System32\sechost.dll
0x00007ff9c6820000 - 0x00007ff9c6944000 	C:\WINDOWS\System32\RPCRT4.dll
0x00007ff9c64e0000 - 0x00007ff9c6670000 	C:\WINDOWS\System32\USER32.dll
0x00007ff9c3900000 - 0x00007ff9c3920000 	C:\WINDOWS\System32\win32u.dll
0x00007ff9c64b0000 - 0x00007ff9c64d8000 	C:\WINDOWS\System32\GDI32.dll
0x00007ff9c3140000 - 0x00007ff9c32d2000 	C:\WINDOWS\System32\gdi32full.dll
0x00007ff9c30a0000 - 0x00007ff9c313f000 	C:\WINDOWS\System32\msvcp_win.dll
0x00007ff9c37b0000 - 0x00007ff9c38a8000 	C:\WINDOWS\System32\ucrtbase.dll
0x00007ff9af2d0000 - 0x00007ff9af539000 	C:\WINDOWS\WinSxS\amd64_microsoft.windows.common-controls_6595b64144ccf1df_6.0.17134.765_none_fb42a1a930655896\COMCTL32.dll
0x00007ff9c47e0000 - 0x00007ff9c4b02000 	C:\WINDOWS\System32\combase.dll
0x00007ff9c3020000 - 0x00007ff9c309a000 	C:\WINDOWS\System32\bcryptPrimitives.dll
0x00007ff9c6b40000 - 0x00007ff9c6b6d000 	C:\WINDOWS\System32\IMM32.DLL
0x0000000050dd0000 - 0x0000000050ea2000 	C:\Program Files\Java\jdk1.8.0_171\jre\bin\msvcr100.dll
0x0000000050530000 - 0x0000000050dd0000 	C:\Program Files\Java\jdk1.8.0_171\jre\bin\server\jvm.dll
0x00007ff9c4d70000 - 0x00007ff9c4d78000 	C:\WINDOWS\System32\PSAPI.DLL
0x00007ff9afa10000 - 0x00007ff9afa19000 	C:\WINDOWS\SYSTEM32\WSOCK32.dll
0x00007ff9c66d0000 - 0x00007ff9c673c000 	C:\WINDOWS\System32\WS2_32.dll
0x00007ff9c0d30000 - 0x00007ff9c0d53000 	C:\WINDOWS\SYSTEM32\WINMM.dll
0x00007ff9b9840000 - 0x00007ff9b984a000 	C:\WINDOWS\SYSTEM32\VERSION.dll
0x00007ff9c08e0000 - 0x00007ff9c090a000 	C:\WINDOWS\SYSTEM32\winmmbase.dll
0x00007ff9c38b0000 - 0x00007ff9c38f9000 	C:\WINDOWS\System32\cfgmgr32.dll
0x0000000050520000 - 0x000000005052f000 	C:\Program Files\Java\jdk1.8.0_171\jre\bin\verify.dll
0x00000000504f0000 - 0x0000000050519000 	C:\Program Files\Java\jdk1.8.0_171\jre\bin\java.dll
0x00000000504d0000 - 0x00000000504e6000 	C:\Program Files\Java\jdk1.8.0_171\jre\bin\zip.dll
0x00007ff9c4de0000 - 0x00007ff9c6220000 	C:\WINDOWS\System32\SHELL32.dll
0x00007ff9c6a90000 - 0x00007ff9c6b39000 	C:\WINDOWS\System32\shcore.dll
0x00007ff9c3920000 - 0x00007ff9c402d000 	C:\WINDOWS\System32\windows.storage.dll
0x00007ff9c4030000 - 0x00007ff9c4081000 	C:\WINDOWS\System32\shlwapi.dll
0x00007ff9c2ee0000 - 0x00007ff9c2ef1000 	C:\WINDOWS\System32\kernel.appcore.dll
0x00007ff9c2f50000 - 0x00007ff9c2f6f000 	C:\WINDOWS\System32\profapi.dll
0x00007ff9c2f00000 - 0x00007ff9c2f4c000 	C:\WINDOWS\System32\powrprof.dll
0x00007ff9c2eb0000 - 0x00007ff9c2eba000 	C:\WINDOWS\System32\FLTLIB.DLL

VM Arguments:
jvm_args: -Dfile.encoding=UTF-8 
java_command: com.etl.executor.Executor
java_class_path (initial): C:\Program Files\Java\jdk1.8.0_171\jre\lib\resources.jar;C:\Program Files\Java\jdk1.8.0_171\jre\lib\rt.jar;C:\Program Files\Java\jdk1.8.0_171\jre\lib\jsse.jar;C:\Program Files\Java\jdk1.8.0_171\jre\lib\jce.jar;C:\Program Files\Java\jdk1.8.0_171\jre\lib\charsets.jar;C:\Program Files\Java\jdk1.8.0_171\jre\lib\jfr.jar;C:\Program Files\Java\jdk1.8.0_171\jre\lib\ext\access-bridge-64.jar;C:\Program Files\Java\jdk1.8.0_171\jre\lib\ext\cldrdata.jar;C:\Program Files\Java\jdk1.8.0_171\jre\lib\ext\dnsns.jar;C:\Program Files\Java\jdk1.8.0_171\jre\lib\ext\jaccess.jar;C:\Program Files\Java\jdk1.8.0_171\jre\lib\ext\jfxrt.jar;C:\Program Files\Java\jdk1.8.0_171\jre\lib\ext\localedata.jar;C:\Program Files\Java\jdk1.8.0_171\jre\lib\ext\nashorn.jar;C:\Program Files\Java\jdk1.8.0_171\jre\lib\ext\sunec.jar;C:\Program Files\Java\jdk1.8.0_171\jre\lib\ext\sunjce_provider.jar;C:\Program Files\Java\jdk1.8.0_171\jre\lib\ext\sunmscapi.jar;C:\Program Files\Java\jdk1.8.0_171\jre\lib\ext\sunpkcs11.jar;C:\Program Files\Java\jdk1.8.0_171\jre\lib\ext\zipfs.jar;C:\workspace_oxy\ETLExecutor\target\classes;C:\lib\tibero6-jdbc-14.jar;C:\Java\jdk1.7.0_65\lib\tools.jar;C:\Users\edge9\.m2\repository\org\springframework\spring-context\3.1.1.RELEASE\spring-context-3.1.1.RELEASE.jar;C:\Users\edge9\.m2\repository\org\springframework\spring-aop\3.1.1.RELEASE\spring-aop-3.1.1.RELEASE.jar;C:\Users\edge9\.m2\repository\aopalliance\aopalliance\1.0\aopalliance-1.0.jar;C:\Users\edge9\.m2\repository\org\springframework\spring-beans\3.1.1.RELEASE\spring-beans-3.1.1.RELEASE.jar;C:\Users\edge9\.m2\repository\org\springframework\spring-core\3.1.1.RELEASE\spring-core-3.1.1.RELEASE.jar;C:\Users\edge9\.m2\repository\org\springframework\spring-expression\3.1.1.RELEASE\spring-expression-3.1.1.RELEASE.jar;C:\Users\edge9\.m2\repository\org\springframework\spring-asm\3.1.1.RELEASE\spring-asm-3.1.1.RELEASE.jar;C:\Users\edge9\.m2\repository\org\springframework\spring-webmvc\3.1.1.RELEASE\spring-webmvc-3.
Launcher Type: SUN_STANDARD

Environment Variables:
JAVA_HOME=C:\Java\jdk1.7.0_65
PATH=C:/Program Files/Java/jre1.8.0_171/bin/server;C:/Program Files/Java/jre1.8.0_171/bin;C:/Program Files/Java/jre1.8.0_171/lib/amd64;C:\Program Files (x86)\Common Files\Oracle\Java\javapath;C:\WINDOWS\system32;C:\WINDOWS;C:\WINDOWS\System32\Wbem;C:\WINDOWS\System32\WindowsPowerShell\v1.0\;C:\Program Files\Java\jdk1.8.0_171\bin;C:\apache-maven-3.5.3\bin;C:\Program Files\TortoiseSVN\bin;C:\PostgreSQL\pg95\bin;C:\WINDOWS\System32\OpenSSH\;C:\Program Files\Git\cmd;C:\Program Files\nodejs\;C:\Program Files (x86)\ePapyrus\PapyrusNtas;C:\Program Files (x86)\ePapyrus\PapyrusNtas\Addins;C:\Program Files\PuTTY\;C:\Users\edge9\AppData\Local\Microsoft\WindowsApps;C:\Program Files\Bandizip\;C:\Users\edge9\AppData\Roaming\npm;C:\eclipse_oxy\eclipse;
USERNAME=dsic_song
OS=Windows_NT
PROCESSOR_IDENTIFIER=Intel64 Family 6 Model 142 Stepping 9, GenuineIntel



---------------  S Y S T E M  ---------------

OS: Windows 10.0 , 64 bit Build 17134 (10.0.17134.753)

CPU:total 4 (initial active 4) (2 cores per cpu, 2 threads per core) family 6 model 142 stepping 9, cmov, cx8, fxsr, mmx, sse, sse2, sse3, ssse3, sse4.1, sse4.2, popcnt, avx, avx2, aes, clmul, erms, 3dnowpref, lzcnt, ht, tsc, tscinvbit, bmi1, bmi2, adx

Memory: 4k page, physical 8260324k(1185348k free), swap 23726176k(2704k free)

vm_info: Java HotSpot(TM) 64-Bit Server VM (25.171-b11) for windows-amd64 JRE (1.8.0_171-b11), built on Mar 28 2018 16:06:12 by "java_re" with MS VC++ 10.0 (VS2010)

time: Thu May 23 11:42:47 2019
elapsed time: 1 seconds (0d 0h 0m 1s)

